<?xml version="1.0" encoding="UTF-8"?>
<testng-results ignored="0" total="1" passed="1" failed="0" skipped="0">
  <reporter-output>
  </reporter-output>
  <suite started-at="2025-12-01T14:19:45 IST" name="Suite" finished-at="2025-12-01T14:20:25 IST" duration-ms="40307">
    <groups>
    </groups>
    <test started-at="2025-12-01T14:19:45 IST" name="Test" finished-at="2025-12-01T14:20:25 IST" duration-ms="40307">
      <class name="com.gunnampalli.test.FlipkartTest">
        <test-method is-config="true" signature="setupDriver([Ljava.lang.Object;,java.lang.reflect.Method)[pri:0, instance:com.gunnampalli.test.FlipkartTest@273e7444]" started-at="2025-12-01T14:19:46 IST" name="setupDriver" finished-at="2025-12-01T14:19:52 IST" duration-ms="5620" status="PASS">
          <params>
            <param index="0">
              <value>
                <![CDATA[[Ljava.lang.Object;@2a685eba]]>
              </value>
            </param>
            <param index="1">
              <value>
                <![CDATA[public void com.gunnampalli.test.FlipkartTest.flipkartValidTest(java.util.Map)]]>
              </value>
            </param>
          </params>
          <reporter-output>
          </reporter-output>
        </test-method> <!-- setupDriver -->
        <test-method signature="flipkartValidTest(java.util.Map)[pri:0, instance:com.gunnampalli.test.FlipkartTest@273e7444]" started-at="2025-12-01T14:19:52 IST" name="flipkartValidTest" description="Flipkart will execute" data-provider="getDataFromDatasheet" finished-at="2025-12-01T14:20:25 IST" duration-ms="33362" status="PASS">
          <params>
            <param index="0">
              <value>
                <![CDATA[{testname=flipkartValidTest, version=117.0, execute=yes, price=490, browser=chrome}]]>
              </value>
            </param>
          </params>
          <reporter-output>
          </reporter-output>
        </test-method> <!-- flipkartValidTest -->
        <test-method is-config="true" signature="quitDriver()[pri:0, instance:com.gunnampalli.test.FlipkartTest@273e7444]" started-at="2025-12-01T14:20:25 IST" name="quitDriver" finished-at="2025-12-01T14:20:25 IST" duration-ms="278" status="PASS">
          <reporter-output>
          </reporter-output>
        </test-method> <!-- quitDriver -->
      </class> <!-- com.gunnampalli.test.FlipkartTest -->
    </test> <!-- Test -->
  </suite> <!-- Suite -->
</testng-results>
