<?xml version="1.0" encoding="UTF-8"?>
<testsuite xmlns:xsi="http://www.w3.org/2001/XMLSchema-instance" xsi:noNamespaceSchemaLocation="https://maven.apache.org/surefire/maven-surefire-plugin/xsd/surefire-test-report.xsd" version="3.0.2" name="TestSuite" time="33.117" tests="7" errors="0" skipped="6" failures="1">
  <properties>
[...]
</properties>
  <testcase name="setupDriver[[Ljava.lang.Object;@53177b5c, public void com.gunnampalli.test.FlipkartTest.flipkartValidTest(java.util.Map)](0)" classname="com.gunnampalli.test.FlipkartTest" time="4.211">
    <failure message="Could not start a new session. Response code 500. Message: session not created: Microsoft Edge failed to start: crashed.&#10;  (session not created: DevToolsActivePort file doesn&apos;t exist)&#10;  (The process started from msedge location C:/Program Files (x86)/Microsoft/Edge/Application/msedge.exe is no longer running, so msedgedriver is assuming that msedge has crashed.) &#10;Host info: host: &apos;DESKTOP-362CTOA&apos;, ip: &apos;169.254.136.51&apos;&#10;Build info: version: &apos;4.38.0&apos;, revision: &apos;6b412e825c*&apos;&#10;System info: os.name: &apos;Windows 10&apos;, os.arch: &apos;amd64&apos;, os.version: &apos;10.0&apos;, java.version: &apos;11.0.26&apos;&#10;Driver info: org.openqa.selenium.edge.EdgeDriver&#10;Command: [null, newSession {capabilities=[Capabilities {browserName: MicrosoftEdge, ms:edgeOptions: {args: [user-data-dir=C:/Users/HP/A..., profile-directory=Default, --remote-allow-origins=*], binary: C:/Program Files (x86)/Micr..., extensions: []}}]}]" type="org.openqa.selenium.SessionNotCreatedException"><![CDATA[org.openqa.selenium.SessionNotCreatedException: 
Could not start a new session. Response code 500. Message: session not created: Microsoft Edge failed to start: crashed.
  (session not created: DevToolsActivePort file doesn't exist)
  (The process started from msedge location C:/Program Files (x86)/Microsoft/Edge/Application/msedge.exe is no longer running, so msedgedriver is assuming that msedge has crashed.) 
Host info: host: 'DESKTOP-362CTOA', ip: '169.254.136.51'
Build info: version: '4.38.0', revision: '6b412e825c*'
System info: os.name: 'Windows 10', os.arch: 'amd64', os.version: '10.0', java.version: '11.0.26'
Driver info: org.openqa.selenium.edge.EdgeDriver
Command: [null, newSession {capabilities=[Capabilities {browserName: MicrosoftEdge, ms:edgeOptions: {args: [user-data-dir=C:/Users/HP/A..., profile-directory=Default, --remote-allow-origins=*], binary: C:/Program Files (x86)/Micr..., extensions: []}}]}]
	at org.openqa.selenium.remote.ProtocolHandshake.createSession(ProtocolHandshake.java:114)
	at org.openqa.selenium.remote.ProtocolHandshake.createSession(ProtocolHandshake.java:75)
	at org.openqa.selenium.remote.ProtocolHandshake.createSession(ProtocolHandshake.java:61)
	at org.openqa.selenium.remote.HttpCommandExecutor.execute(HttpCommandExecutor.java:187)
	at org.openqa.selenium.remote.service.DriverCommandExecutor.invokeExecute(DriverCommandExecutor.java:216)
	at org.openqa.selenium.remote.service.DriverCommandExecutor.execute(DriverCommandExecutor.java:174)
	at org.openqa.selenium.remote.RemoteWebDriver.execute(RemoteWebDriver.java:557)
	at org.openqa.selenium.remote.RemoteWebDriver.startSession(RemoteWebDriver.java:246)
	at org.openqa.selenium.remote.RemoteWebDriver.<init>(RemoteWebDriver.java:174)
	at org.openqa.selenium.chromium.ChromiumDriver.<init>(ChromiumDriver.java:99)
	at org.openqa.selenium.edge.EdgeDriver.<init>(EdgeDriver.java:60)
	at org.openqa.selenium.edge.EdgeDriver.<init>(EdgeDriver.java:56)
	at org.openqa.selenium.edge.EdgeDriver.<init>(EdgeDriver.java:48)
	at com.gunnampalli.drivers.LocalBrowsers.setUpEdgeDriver(LocalBrowsers.java:57)
	at com.gunnampalli.drivers.DriverFactory.initDriverType(DriverFactory.java:81)
	at com.gunnampalli.drivers.Driver.initDriver(Driver.java:18)
	at com.gunnampalli.test.BaseTest.setupDriver(BaseTest.java:24)
	at java.base/jdk.internal.reflect.NativeMethodAccessorImpl.invoke0(Native Method)
	at java.base/jdk.internal.reflect.NativeMethodAccessorImpl.invoke(NativeMethodAccessorImpl.java:62)
	at java.base/jdk.internal.reflect.DelegatingMethodAccessorImpl.invoke(DelegatingMethodAccessorImpl.java:43)
	at java.base/java.lang.reflect.Method.invoke(Method.java:566)
	at org.testng.internal.invokers.MethodInvocationHelper.invokeMethod(MethodInvocationHelper.java:141)
	at org.testng.internal.invokers.MethodInvocationHelper.invokeMethodConsideringTimeout(MethodInvocationHelper.java:71)
	at org.testng.internal.invokers.ConfigInvoker.invokeConfigurationMethod(ConfigInvoker.java:400)
	at org.testng.internal.invokers.ConfigInvoker.invokeConfigurations(ConfigInvoker.java:333)
	at org.testng.internal.invokers.TestInvoker.runConfigMethods(TestInvoker.java:836)
	at org.testng.internal.invokers.TestInvoker.invokeMethod(TestInvoker.java:601)
	at org.testng.internal.invokers.TestInvoker.invokeTestMethod(TestInvoker.java:230)
	at org.testng.internal.invokers.TestMethodWithDataProviderMethodWorker.call(TestMethodWithDataProviderMethodWorker.java:81)
	at org.testng.internal.thread.Async$AsyncTask.run(Async.java:34)
	at java.base/java.util.concurrent.ThreadPoolExecutor.runWorker(ThreadPoolExecutor.java:1128)
	at java.base/java.util.concurrent.ThreadPoolExecutor$Worker.run(ThreadPoolExecutor.java:628)
	at java.base/java.lang.Thread.run(Thread.java:834)
]]></failure>
    <system-out><![CDATA[InitExtentReport called in SUite
onStart called in Suite
D:\Flipkart\seleniumframework/src/test/resources/excel/data.xlsx
2025-12-02T04:29:24.341825800Z main ERROR Log4j API could not find a logging provider.
ReadExcelData
D:\Flipkart\seleniumframework/src/test/resources/excel/data.xlsx
ReadExcelData
[{price=490, browser=chrome, testname=flipkartValidTest, version=117.0, execute=yes}, {price=500, browser=chrome, testname=flipkartInvalidTest, version=117.0, execute=no}, {price=490, browser=firefox, testname=flipkartValidTest, version=117.0, execute=yes}, {price=500, browser=firefox, testname=flipkartInvalidTest, version=117.0, execute=no}, {price=490, browser=edge, testname=flipkartValidTest, version=117.0, execute=yes}, {price=500, browser=edge, testname=flipkartInvalidTest, version=117.0, execute=no}]
Executed Basetest
Executed Basetest
Executed Basetest
]]></system-out>
    <system-err><![CDATA[SLF4J(W): No SLF4J providers were found.
SLF4J(W): Defaulting to no-operation (NOP) logger implementation
SLF4J(W): See https://www.slf4j.org/codes.html#noProviders for further details.
]]></system-err>
  </testcase>
  <testcase name="flipkartValidTest[{testname=flipkartValidTest, version=117.0, execute=yes, price=490, browser=edge}](1)" classname="com.gunnampalli.test.FlipkartTest" time="0.0">
    <skipped message="Could not start a new session. Response code 500. Message: session not created: Microsoft Edge failed to start: crashed.&#10;  (session not created: DevToolsActivePort file doesn&apos;t exist)&#10;  (The process started from msedge location C:/Program Files (x86)/Microsoft/Edge/Application/msedge.exe is no longer running, so msedgedriver is assuming that msedge has crashed.) &#10;Host info: host: &apos;DESKTOP-362CTOA&apos;, ip: &apos;169.254.136.51&apos;&#10;Build info: version: &apos;4.38.0&apos;, revision: &apos;6b412e825c*&apos;&#10;System info: os.name: &apos;Windows 10&apos;, os.arch: &apos;amd64&apos;, os.version: &apos;10.0&apos;, java.version: &apos;11.0.26&apos;&#10;Driver info: org.openqa.selenium.edge.EdgeDriver&#10;Command: [null, newSession {capabilities=[Capabilities {browserName: MicrosoftEdge, ms:edgeOptions: {args: [user-data-dir=C:/Users/HP/A..., profile-directory=Default, --remote-allow-origins=*], binary: C:/Program Files (x86)/Micr..., extensions: []}}]}]"/>
    <system-out><![CDATA[OnTestStart - Listener
]]></system-out>
  </testcase>
  <testcase name="quitDriver" classname="com.gunnampalli.test.FlipkartTest" time="0.0">
    <skipped/>
  </testcase>
  <testcase name="quitDriver" classname="com.gunnampalli.test.FlipkartTest" time="0.0">
    <skipped/>
  </testcase>
  <testcase name="quitDriver" classname="com.gunnampalli.test.FlipkartTest" time="0.0">
    <skipped/>
  </testcase>
  <testcase name="flipkartValidTest[{testname=flipkartValidTest, version=117.0, execute=yes, price=490, browser=chrome}](2)" classname="com.gunnampalli.test.FlipkartTest" time="0.0">
    <skipped message="Could not start a new session. Response code 500. Message: session not created: Microsoft Edge failed to start: crashed.&#10;  (session not created: DevToolsActivePort file doesn&apos;t exist)&#10;  (The process started from msedge location C:/Program Files (x86)/Microsoft/Edge/Application/msedge.exe is no longer running, so msedgedriver is assuming that msedge has crashed.) &#10;Host info: host: &apos;DESKTOP-362CTOA&apos;, ip: &apos;169.254.136.51&apos;&#10;Build info: version: &apos;4.38.0&apos;, revision: &apos;6b412e825c*&apos;&#10;System info: os.name: &apos;Windows 10&apos;, os.arch: &apos;amd64&apos;, os.version: &apos;10.0&apos;, java.version: &apos;11.0.26&apos;&#10;Driver info: org.openqa.selenium.edge.EdgeDriver&#10;Command: [null, newSession {capabilities=[Capabilities {browserName: MicrosoftEdge, ms:edgeOptions: {args: [user-data-dir=C:/Users/HP/A..., profile-directory=Default, --remote-allow-origins=*], binary: C:/Program Files (x86)/Micr..., extensions: []}}]}]"/>
    <system-out><![CDATA[OnTestStart - Listener
]]></system-out>
  </testcase>
  <testcase name="flipkartValidTest[{testname=flipkartValidTest, version=117.0, execute=yes, price=490, browser=firefox}](3)" classname="com.gunnampalli.test.FlipkartTest" time="0.0">
    <skipped message="Could not start a new session. Response code 500. Message: session not created: Microsoft Edge failed to start: crashed.&#10;  (session not created: DevToolsActivePort file doesn&apos;t exist)&#10;  (The process started from msedge location C:/Program Files (x86)/Microsoft/Edge/Application/msedge.exe is no longer running, so msedgedriver is assuming that msedge has crashed.) &#10;Host info: host: &apos;DESKTOP-362CTOA&apos;, ip: &apos;169.254.136.51&apos;&#10;Build info: version: &apos;4.38.0&apos;, revision: &apos;6b412e825c*&apos;&#10;System info: os.name: &apos;Windows 10&apos;, os.arch: &apos;amd64&apos;, os.version: &apos;10.0&apos;, java.version: &apos;11.0.26&apos;&#10;Driver info: org.openqa.selenium.edge.EdgeDriver&#10;Command: [null, newSession {capabilities=[Capabilities {browserName: MicrosoftEdge, ms:edgeOptions: {args: [user-data-dir=C:/Users/HP/A..., profile-directory=Default, --remote-allow-origins=*], binary: C:/Program Files (x86)/Micr..., extensions: []}}]}]"/>
    <system-out><![CDATA[OnTestStart - Listener
]]></system-out>
  </testcase>
</testsuite>