<?xml version="1.0" encoding="UTF-8"?>
<testng-results ignored="0" total="2" passed="2" failed="0" skipped="0">
  <reporter-output>
  </reporter-output>
  <suite started-at="2025-12-02T19:56:37 IST" name="Suite" finished-at="2025-12-02T19:57:54 IST" duration-ms="77047">
    <groups>
    </groups>
    <test started-at="2025-12-02T19:56:37 IST" name="Test1" finished-at="2025-12-02T19:57:54 IST" duration-ms="77047">
      <class name="com.gunnampalli.test.FlipkartTest">
        <test-method is-config="true" signature="setupDriver(java.lang.String,java.lang.String,java.lang.reflect.Method)[pri:0, instance:com.gunnampalli.test.FlipkartTest@350aac89]" started-at="2025-12-02T19:56:38 IST" name="setupDriver" finished-at="2025-12-02T19:56:42 IST" duration-ms="4274" status="PASS">
          <params>
            <param index="0">
              <value>
                <![CDATA[chrome]]>
              </value>
            </param>
            <param index="1">
              <value>
                <![CDATA[117.0]]>
              </value>
            </param>
            <param index="2">
              <value>
                <![CDATA[public void com.gunnampalli.test.FlipkartTest.flipkartInvalidTest(java.util.Map)]]>
              </value>
            </param>
          </params>
          <reporter-output>
          </reporter-output>
        </test-method> <!-- setupDriver -->
        <test-method signature="flipkartInvalidTest(java.util.Map)[pri:0, instance:com.gunnampalli.test.FlipkartTest@350aac89]" started-at="2025-12-02T19:56:42 IST" name="flipkartInvalidTest" data-provider="getDataFromDataProvidersheet" finished-at="2025-12-02T19:57:15 IST" duration-ms="33169" status="PASS">
          <params>
            <param index="0">
              <value>
                <![CDATA[{testname=flipkartInvalidTest, price=500}]]>
              </value>
            </param>
          </params>
          <reporter-output>
          </reporter-output>
        </test-method> <!-- flipkartInvalidTest -->
        <test-method is-config="true" signature="quitDriver()[pri:0, instance:com.gunnampalli.test.FlipkartTest@350aac89]" started-at="2025-12-02T19:57:15 IST" name="quitDriver" finished-at="2025-12-02T19:57:16 IST" duration-ms="394" status="PASS">
          <reporter-output>
          </reporter-output>
        </test-method> <!-- quitDriver -->
        <test-method is-config="true" signature="setupDriver(java.lang.String,java.lang.String,java.lang.reflect.Method)[pri:0, instance:com.gunnampalli.test.FlipkartTest@350aac89]" started-at="2025-12-02T19:57:16 IST" name="setupDriver" finished-at="2025-12-02T19:57:20 IST" duration-ms="4695" status="PASS">
          <params>
            <param index="0">
              <value>
                <![CDATA[chrome]]>
              </value>
            </param>
            <param index="1">
              <value>
                <![CDATA[117.0]]>
              </value>
            </param>
            <param index="2">
              <value>
                <![CDATA[public void com.gunnampalli.test.FlipkartTest.flipkartValidTest(java.util.Map)]]>
              </value>
            </param>
          </params>
          <reporter-output>
          </reporter-output>
        </test-method> <!-- setupDriver -->
        <test-method signature="flipkartValidTest(java.util.Map)[pri:0, instance:com.gunnampalli.test.FlipkartTest@350aac89]" started-at="2025-12-02T19:57:20 IST" name="flipkartValidTest" data-provider="getDataFromDataProvidersheet" finished-at="2025-12-02T19:57:54 IST" duration-ms="33243" status="PASS">
          <params>
            <param index="0">
              <value>
                <![CDATA[{testname=flipkartValidTest, price=490}]]>
              </value>
            </param>
          </params>
          <reporter-output>
          </reporter-output>
        </test-method> <!-- flipkartValidTest -->
        <test-method is-config="true" signature="quitDriver()[pri:0, instance:com.gunnampalli.test.FlipkartTest@350aac89]" started-at="2025-12-02T19:57:54 IST" name="quitDriver" finished-at="2025-12-02T19:57:54 IST" duration-ms="331" status="PASS">
          <reporter-output>
          </reporter-output>
        </test-method> <!-- quitDriver -->
      </class> <!-- com.gunnampalli.test.FlipkartTest -->
    </test> <!-- Test1 -->
  </suite> <!-- Suite -->
</testng-results>
