<?xml version="1.0" encoding="UTF-8"?>
<!-- Generated by org.testng.reporters.JUnitReportReporter -->
<testsuite hostname="DESKTOP-362CTOA" failures="0" tests="2" name="com.gunnampalli.test.FlipkartTest" time="76.106" errors="0" timestamp="2025-12-02T19:57:55 IST" skipped="0">
  <testcase classname="com.gunnampalli.test.FlipkartTest" name="flipkartValidTest" time="37.911"/>
  <testcase classname="com.gunnampalli.test.FlipkartTest" name="flipkartInvalidTest" time="38.195"/>
</testsuite> <!-- com.gunnampalli.test.FlipkartTest -->
